Arguments: 
  /home/wagner/.asdf/installs/nodejs/14.17.5/bin/node /home/wagner/.asdf/installs/yarn/1.22.15/bin/yarn.js add redline-sync

PATH: 
  /home/wagner/.asdf/plugins/nodejs/shims:/home/wagner/.asdf/installs/nodejs/14.17.5/.npm/bin:/home/wagner/.asdf/installs/nodejs/14.17.5/bin:/home/wagner/.asdf/installs/yarn/1.22.15/bin:/home/wagner/.asdf/shims:/home/wagner/.asdf/bin:/usr/local/sbin:/usr/local/bin:/usr/sbin:/usr/bin:/sbin:/bin:/usr/games:/usr/local/games:/snap/bin

Yarn version: 
  1.22.15

Node version: 
  14.17.5

Platform: 
  linux x64

Trace: 
  Error: https://registry.yarnpkg.com/redline-sync: Not found
      at Request.params.callback [as _callback] (/home/wagner/.asdf/installs/yarn/1.22.15/lib/cli.js:67031:18)
      at Request.self.callback (/home/wagner/.asdf/installs/yarn/1.22.15/lib/cli.js:140885:22)
      at Request.emit (events.js:400:28)
      at Request.<anonymous> (/home/wagner/.asdf/installs/yarn/1.22.15/lib/cli.js:141857:10)
      at Request.emit (events.js:400:28)
      at IncomingMessage.<anonymous> (/home/wagner/.asdf/installs/yarn/1.22.15/lib/cli.js:141779:12)
      at Object.onceWrapper (events.js:519:28)
      at IncomingMessage.emit (events.js:412:35)
      at endReadableNT (internal/streams/readable.js:1317:12)
      at processTicksAndRejections (internal/process/task_queues.js:82:21)

npm manifest: 
  {
    "name": "hsm-desafio-final",
    "version": "1.0.0",
    "main": "app.js",
    "scripts": {
      "start": "node app.js"
    },
    "repository": "git@github.com:wagnermor/hsm-desafio-final.git",
    "author": "WagnerMor <wagnermor@outlook.com>",
    "license": "MIT"
  }

yarn manifest: 
  No manifest

Lockfile: 
  No lockfile
